<?xml version="1.0" encoding="UTF-8"?>
<testng-results skipped="0" failed="0" ignored="0" total="2" passed="2">
  <reporter-output>
  </reporter-output>
  <suite name="Default suite" duration-ms="41600" started-at="2019-11-11T07:09:18Z" finished-at="2019-11-11T07:09:59Z">
    <groups>
      <group name="cucumber">
        <method signature="AbstractTestNGCucumberTests.runScenario(cucumber.api.testng.PickleEventWrapper, cucumber.api.testng.CucumberFeatureWrapper)[pri:0, instance:com.leafBot.testcases.TC001_CreateLead@210366b4]" name="runScenario" class="cucumber.api.testng.AbstractTestNGCucumberTests"/>
      </group> <!-- cucumber -->
    </groups>
    <test name="Default test" duration-ms="41600" started-at="2019-11-11T07:09:18Z" finished-at="2019-11-11T07:09:59Z">
      <class name="com.leafBot.testcases.TC001_CreateLead">
        <test-method status="PASS" signature="startReport()[pri:0, instance:com.leafBot.testcases.TC001_CreateLead@210366b4]" name="startReport" is-config="true" duration-ms="1390" started-at="2019-11-11T07:09:16Z" finished-at="2019-11-11T07:09:18Z">
          <reporter-output>
          </reporter-output>
        </test-method> <!-- startReport -->
        <test-method status="PASS" signature="setData()[pri:0, instance:com.leafBot.testcases.TC001_CreateLead@210366b4]" name="setData" is-config="true" duration-ms="0" started-at="2019-11-11T07:09:18Z" finished-at="2019-11-11T07:09:18Z">
          <reporter-output>
          </reporter-output>
        </test-method> <!-- setData -->
        <test-method status="PASS" signature="setUpClass()[pri:0, instance:com.leafBot.testcases.TC001_CreateLead@210366b4]" name="setUpClass" is-config="true" duration-ms="359" started-at="2019-11-11T07:09:18Z" finished-at="2019-11-11T07:09:18Z">
          <reporter-output>
          </reporter-output>
        </test-method> <!-- setUpClass -->
        <test-method status="PASS" signature="report()[pri:0, instance:com.leafBot.testcases.TC001_CreateLead@210366b4]" name="report" is-config="true" duration-ms="31" started-at="2019-11-11T07:09:18Z" finished-at="2019-11-11T07:09:18Z">
          <reporter-output>
          </reporter-output>
        </test-method> <!-- report -->
        <test-method status="PASS" signature="beforeMethod()[pri:0, instance:com.leafBot.testcases.TC001_CreateLead@210366b4]" name="beforeMethod" is-config="true" duration-ms="18373" started-at="2019-11-11T07:09:21Z" finished-at="2019-11-11T07:09:39Z">
          <reporter-output>
          </reporter-output>
        </test-method> <!-- beforeMethod -->
        <test-method status="PASS" signature="runTC001(java.lang.String, java.lang.String)[pri:0, instance:com.leafBot.testcases.TC001_CreateLead@210366b4]" name="runTC001" duration-ms="4861" started-at="2019-11-11T07:09:39Z" data-provider="fetchData" finished-at="2019-11-11T07:09:44Z">
          <params>
            <param index="0">
              <value>
                <![CDATA[DemoSalesManager]]>
              </value>
            </param>
            <param index="1">
              <value>
                <![CDATA[crmsfa]]>
              </value>
            </param>
          </params>
          <reporter-output>
          </reporter-output>
        </test-method> <!-- runTC001 -->
        <test-method status="PASS" signature="afterMethod()[pri:0, instance:com.leafBot.testcases.TC001_CreateLead@210366b4]" name="afterMethod" is-config="true" duration-ms="183" started-at="2019-11-11T07:09:44Z" finished-at="2019-11-11T07:09:44Z">
          <reporter-output>
          </reporter-output>
        </test-method> <!-- afterMethod -->
        <test-method status="PASS" signature="beforeMethod()[pri:0, instance:com.leafBot.testcases.TC001_CreateLead@210366b4]" name="beforeMethod" is-config="true" duration-ms="11598" started-at="2019-11-11T07:09:44Z" finished-at="2019-11-11T07:09:56Z">
          <reporter-output>
          </reporter-output>
        </test-method> <!-- beforeMethod -->
        <test-method status="PASS" signature="runTC001(java.lang.String, java.lang.String)[pri:0, instance:com.leafBot.testcases.TC001_CreateLead@210366b4]" name="runTC001" duration-ms="3496" started-at="2019-11-11T07:09:56Z" data-provider="fetchData" finished-at="2019-11-11T07:09:59Z">
          <params>
            <param index="0">
              <value>
                <![CDATA[DemoCSR]]>
              </value>
            </param>
            <param index="1">
              <value>
                <![CDATA[crmsfa]]>
              </value>
            </param>
          </params>
          <reporter-output>
          </reporter-output>
        </test-method> <!-- runTC001 -->
        <test-method status="PASS" signature="afterMethod()[pri:0, instance:com.leafBot.testcases.TC001_CreateLead@210366b4]" name="afterMethod" is-config="true" duration-ms="77" started-at="2019-11-11T07:09:59Z" finished-at="2019-11-11T07:09:59Z">
          <reporter-output>
          </reporter-output>
        </test-method> <!-- afterMethod -->
        <test-method status="PASS" signature="tearDownClass()[pri:0, instance:com.leafBot.testcases.TC001_CreateLead@210366b4]" name="tearDownClass" is-config="true" duration-ms="12" started-at="2019-11-11T07:09:59Z" finished-at="2019-11-11T07:09:59Z">
          <reporter-output>
          </reporter-output>
        </test-method> <!-- tearDownClass -->
        <test-method status="PASS" signature="stopReport()[pri:0, instance:com.leafBot.testcases.TC001_CreateLead@210366b4]" name="stopReport" is-config="true" duration-ms="1166" started-at="2019-11-11T07:09:59Z" finished-at="2019-11-11T07:10:01Z">
          <reporter-output>
          </reporter-output>
        </test-method> <!-- stopReport -->
      </class> <!-- com.leafBot.testcases.TC001_CreateLead -->
    </test> <!-- Default test -->
  </suite> <!-- Default suite -->
</testng-results>
